{"/Users/wanglei/platform/workspace/page-stack/src/base-page.js": {"path":"/Users/wanglei/platform/workspace/page-stack/src/base-page.js","statementMap":{"0":{"start":{"line":2,"column":2},"end":{"line":15,"column":3}},"1":{"start":{"line":4,"column":6},"end":{"line":4,"column":43}},"2":{"start":{"line":7,"column":6},"end":{"line":7,"column":20}},"3":{"start":{"line":10,"column":6},"end":{"line":10,"column":21}},"4":{"start":{"line":13,"column":6},"end":{"line":13,"column":22}}},"fnMap":{"0":{"name":"createBasePageOptions","decl":{"start":{"line":1,"column":24},"end":{"line":1,"column":45}},"loc":{"start":{"line":1,"column":65},"end":{"line":16,"column":1}},"line":1}},"branchMap":{},"s":{"0":6,"1":7,"2":7,"3":7,"4":7},"f":{"0":6},"b":{},"_coverageSchema":"332fd63041d2c1bcb487cc26dd0d5f7d97098a6c","hash":"3d41ab318dcefbfc64f065a971d3666de3162f90"}
,"/Users/wanglei/platform/workspace/page-stack/src/decode.js": {"path":"/Users/wanglei/platform/workspace/page-stack/src/decode.js","statementMap":{"0":{"start":{"line":3,"column":2},"end":{"line":3,"column":57}},"1":{"start":{"line":7,"column":2},"end":{"line":7,"column":19}},"2":{"start":{"line":8,"column":2},"end":{"line":8,"column":17}},"3":{"start":{"line":9,"column":12},"end":{"line":9,"column":14}},"4":{"start":{"line":11,"column":2},"end":{"line":13,"column":3}},"5":{"start":{"line":12,"column":4},"end":{"line":12,"column":15}},"6":{"start":{"line":15,"column":15},"end":{"line":15,"column":20}},"7":{"start":{"line":16,"column":2},"end":{"line":16,"column":21}},"8":{"start":{"line":18,"column":16},"end":{"line":18,"column":20}},"9":{"start":{"line":19,"column":2},"end":{"line":21,"column":3}},"10":{"start":{"line":20,"column":4},"end":{"line":20,"column":30}},"11":{"start":{"line":23,"column":12},"end":{"line":23,"column":21}},"12":{"start":{"line":25,"column":2},"end":{"line":27,"column":3}},"13":{"start":{"line":26,"column":4},"end":{"line":26,"column":18}},"14":{"start":{"line":29,"column":2},"end":{"line":52,"column":3}},"15":{"start":{"line":30,"column":12},"end":{"line":30,"column":40}},"16":{"start":{"line":31,"column":12},"end":{"line":31,"column":25}},"17":{"start":{"line":34,"column":4},"end":{"line":40,"column":5}},"18":{"start":{"line":35,"column":6},"end":{"line":35,"column":30}},"19":{"start":{"line":36,"column":6},"end":{"line":36,"column":31}},"20":{"start":{"line":38,"column":6},"end":{"line":38,"column":15}},"21":{"start":{"line":39,"column":6},"end":{"line":39,"column":16}},"22":{"start":{"line":42,"column":4},"end":{"line":42,"column":33}},"23":{"start":{"line":43,"column":4},"end":{"line":43,"column":33}},"24":{"start":{"line":45,"column":4},"end":{"line":51,"column":5}},"25":{"start":{"line":46,"column":6},"end":{"line":46,"column":17}},"26":{"start":{"line":47,"column":11},"end":{"line":51,"column":5}},"27":{"start":{"line":48,"column":6},"end":{"line":48,"column":21}},"28":{"start":{"line":50,"column":6},"end":{"line":50,"column":27}},"29":{"start":{"line":54,"column":2},"end":{"line":54,"column":13}}},"fnMap":{"0":{"name":"hasOwnProperty","decl":{"start":{"line":2,"column":9},"end":{"line":2,"column":23}},"loc":{"start":{"line":2,"column":36},"end":{"line":4,"column":1}},"line":2},"1":{"name":"decode","decl":{"start":{"line":6,"column":16},"end":{"line":6,"column":22}},"loc":{"start":{"line":6,"column":46},"end":{"line":55,"column":1}},"line":6}},"branchMap":{"0":{"loc":{"start":{"line":7,"column":8},"end":{"line":7,"column":18}},"type":"binary-expr","locations":[{"start":{"line":7,"column":8},"end":{"line":7,"column":11}},{"start":{"line":7,"column":15},"end":{"line":7,"column":18}}],"line":7},"1":{"loc":{"start":{"line":8,"column":7},"end":{"line":8,"column":16}},"type":"binary-expr","locations":[{"start":{"line":8,"column":7},"end":{"line":8,"column":9}},{"start":{"line":8,"column":13},"end":{"line":8,"column":16}}],"line":8},"2":{"loc":{"start":{"line":11,"column":2},"end":{"line":13,"column":3}},"type":"if","locations":[{"start":{"line":11,"column":2},"end":{"line":13,"column":3}},{"start":{"line":11,"column":2},"end":{"line":13,"column":3}}],"line":11},"3":{"loc":{"start":{"line":11,"column":6},"end":{"line":11,"column":47}},"type":"binary-expr","locations":[{"start":{"line":11,"column":6},"end":{"line":11,"column":28}},{"start":{"line":11,"column":32},"end":{"line":11,"column":47}}],"line":11},"4":{"loc":{"start":{"line":19,"column":2},"end":{"line":21,"column":3}},"type":"if","locations":[{"start":{"line":19,"column":2},"end":{"line":21,"column":3}},{"start":{"line":19,"column":2},"end":{"line":21,"column":3}}],"line":19},"5":{"loc":{"start":{"line":19,"column":6},"end":{"line":19,"column":52}},"type":"binary-expr","locations":[{"start":{"line":19,"column":6},"end":{"line":19,"column":13}},{"start":{"line":19,"column":17},"end":{"line":19,"column":52}}],"line":19},"6":{"loc":{"start":{"line":25,"column":2},"end":{"line":27,"column":3}},"type":"if","locations":[{"start":{"line":25,"column":2},"end":{"line":27,"column":3}},{"start":{"line":25,"column":2},"end":{"line":27,"column":3}}],"line":25},"7":{"loc":{"start":{"line":25,"column":6},"end":{"line":25,"column":34}},"type":"binary-expr","locations":[{"start":{"line":25,"column":6},"end":{"line":25,"column":17}},{"start":{"line":25,"column":21},"end":{"line":25,"column":34}}],"line":25},"8":{"loc":{"start":{"line":34,"column":4},"end":{"line":40,"column":5}},"type":"if","locations":[{"start":{"line":34,"column":4},"end":{"line":40,"column":5}},{"start":{"line":34,"column":4},"end":{"line":40,"column":5}}],"line":34},"9":{"loc":{"start":{"line":45,"column":4},"end":{"line":51,"column":5}},"type":"if","locations":[{"start":{"line":45,"column":4},"end":{"line":51,"column":5}},{"start":{"line":45,"column":4},"end":{"line":51,"column":5}}],"line":45},"10":{"loc":{"start":{"line":47,"column":11},"end":{"line":51,"column":5}},"type":"if","locations":[{"start":{"line":47,"column":11},"end":{"line":51,"column":5}},{"start":{"line":47,"column":11},"end":{"line":51,"column":5}}],"line":47}},"s":{"0":4,"1":5,"2":5,"3":5,"4":5,"5":3,"6":2,"7":2,"8":2,"9":2,"10":0,"11":2,"12":2,"13":0,"14":2,"15":4,"16":4,"17":4,"18":4,"19":4,"20":0,"21":0,"22":4,"23":4,"24":4,"25":4,"26":0,"27":0,"28":0,"29":2},"f":{"0":4,"1":5},"b":{"0":[5,5],"1":[5,5],"2":[3,2],"3":[5,2],"4":[0,2],"5":[2,0],"6":[0,2],"7":[2,2],"8":[4,0],"9":[4,0],"10":[0,0]},"_coverageSchema":"332fd63041d2c1bcb487cc26dd0d5f7d97098a6c","hash":"c9a9dfd3fee3aaaa93e8ead88bd108fe00fe1df4"}
,"/Users/wanglei/platform/workspace/page-stack/src/index.js": {"path":"/Users/wanglei/platform/workspace/page-stack/src/index.js","statementMap":{"0":{"start":{"line":3,"column":28},"end":{"line":12,"column":1}},"1":{"start":{"line":14,"column":13},"end":{"line":14,"column":21}},"2":{"start":{"line":32,"column":16},"end":{"line":32,"column":29}},"3":{"start":{"line":33,"column":17},"end":{"line":33,"column":31}},"4":{"start":{"line":34,"column":2},"end":{"line":41,"column":3}},"5":{"start":{"line":35,"column":18},"end":{"line":35,"column":29}},"6":{"start":{"line":36,"column":4},"end":{"line":40,"column":6}},"7":{"start":{"line":37,"column":6},"end":{"line":39,"column":7}},"8":{"start":{"line":38,"column":8},"end":{"line":38,"column":26}},"9":{"start":{"line":42,"column":2},"end":{"line":42,"column":60}}},"fnMap":{"0":{"name":"(anonymous_0)","decl":{"start":{"line":14,"column":13},"end":{"line":14,"column":14}},"loc":{"start":{"line":14,"column":19},"end":{"line":14,"column":21}},"line":14},"1":{"name":"(anonymous_1)","decl":{"start":{"line":31,"column":15},"end":{"line":31,"column":16}},"loc":{"start":{"line":31,"column":39},"end":{"line":43,"column":1}},"line":31},"2":{"name":"(anonymous_2)","decl":{"start":{"line":36,"column":32},"end":{"line":36,"column":33}},"loc":{"start":{"line":36,"column":40},"end":{"line":40,"column":5}},"line":36}},"branchMap":{"0":{"loc":{"start":{"line":37,"column":6},"end":{"line":39,"column":7}},"type":"if","locations":[{"start":{"line":37,"column":6},"end":{"line":39,"column":7}},{"start":{"line":37,"column":6},"end":{"line":39,"column":7}}],"line":37}},"s":{"0":1,"1":1,"2":1,"3":1,"4":1,"5":6,"6":6,"7":48,"8":18,"9":1},"f":{"0":0,"1":1,"2":48},"b":{"0":[18,30]},"_coverageSchema":"332fd63041d2c1bcb487cc26dd0d5f7d97098a6c","hash":"f311107c1f187b41f544fb11f436e1a278b50a50"}
,"/Users/wanglei/platform/workspace/page-stack/src/page-stack.js": {"path":"/Users/wanglei/platform/workspace/page-stack/src/page-stack.js","statementMap":{"0":{"start":{"line":4,"column":25},"end":{"line":171,"column":1}},"1":{"start":{"line":8,"column":18},"end":{"line":8,"column":37}},"2":{"start":{"line":9,"column":18},"end":{"line":9,"column":37}},"3":{"start":{"line":10,"column":2},"end":{"line":13,"column":4}},"4":{"start":{"line":11,"column":4},"end":{"line":11,"column":29}},"5":{"start":{"line":12,"column":4},"end":{"line":12,"column":29}},"6":{"start":{"line":16,"column":30},"end":{"line":22,"column":3}},"7":{"start":{"line":17,"column":4},"end":{"line":21,"column":6}},"8":{"start":{"line":18,"column":28},"end":{"line":18,"column":47}},"9":{"start":{"line":19,"column":34},"end":{"line":19,"column":82}},"10":{"start":{"line":20,"column":6},"end":{"line":20,"column":46}},"11":{"start":{"line":25,"column":18},"end":{"line":25,"column":29}},"12":{"start":{"line":26,"column":4},"end":{"line":28,"column":5}},"13":{"start":{"line":27,"column":6},"end":{"line":27,"column":40}},"14":{"start":{"line":29,"column":4},"end":{"line":29,"column":22}},"15":{"start":{"line":30,"column":4},"end":{"line":30,"column":23}},"16":{"start":{"line":33,"column":2},"end":{"line":170,"column":3}},"17":{"start":{"line":39,"column":6},"end":{"line":41,"column":7}},"18":{"start":{"line":40,"column":8},"end":{"line":40,"column":56}},"19":{"start":{"line":42,"column":6},"end":{"line":42,"column":22}},"20":{"start":{"line":43,"column":6},"end":{"line":43,"column":30}},"21":{"start":{"line":44,"column":6},"end":{"line":44,"column":31}},"22":{"start":{"line":48,"column":6},"end":{"line":48,"column":38}},"23":{"start":{"line":49,"column":19},"end":{"line":49,"column":27}},"24":{"start":{"line":50,"column":6},"end":{"line":55,"column":7}},"25":{"start":{"line":56,"column":6},"end":{"line":56,"column":21}},"26":{"start":{"line":60,"column":6},"end":{"line":60,"column":37}},"27":{"start":{"line":65,"column":8},"end":{"line":65,"column":27}},"28":{"start":{"line":66,"column":8},"end":{"line":70,"column":9}},"29":{"start":{"line":67,"column":10},"end":{"line":69,"column":12}},"30":{"start":{"line":68,"column":12},"end":{"line":68,"column":45}},"31":{"start":{"line":74,"column":8},"end":{"line":77,"column":9}},"32":{"start":{"line":75,"column":23},"end":{"line":75,"column":31}},"33":{"start":{"line":76,"column":10},"end":{"line":76,"column":60}},"34":{"start":{"line":81,"column":8},"end":{"line":81,"column":41}},"35":{"start":{"line":82,"column":8},"end":{"line":82,"column":29}},"36":{"start":{"line":83,"column":8},"end":{"line":83,"column":21}},"37":{"start":{"line":87,"column":8},"end":{"line":87,"column":70}},"38":{"start":{"line":88,"column":8},"end":{"line":88,"column":29}},"39":{"start":{"line":89,"column":8},"end":{"line":89,"column":21}},"40":{"start":{"line":93,"column":22},"end":{"line":93,"column":40}},"41":{"start":{"line":94,"column":24},"end":{"line":94,"column":26}},"42":{"start":{"line":95,"column":26},"end":{"line":95,"column":28}},"43":{"start":{"line":96,"column":8},"end":{"line":96,"column":23}},"44":{"start":{"line":97,"column":8},"end":{"line":105,"column":9}},"45":{"start":{"line":98,"column":21},"end":{"line":98,"column":29}},"46":{"start":{"line":99,"column":21},"end":{"line":99,"column":34}},"47":{"start":{"line":100,"column":10},"end":{"line":104,"column":11}},"48":{"start":{"line":101,"column":12},"end":{"line":101,"column":30}},"49":{"start":{"line":103,"column":12},"end":{"line":103,"column":32}},"50":{"start":{"line":107,"column":8},"end":{"line":107,"column":38}},"51":{"start":{"line":108,"column":8},"end":{"line":108,"column":28}},"52":{"start":{"line":109,"column":8},"end":{"line":111,"column":9}},"53":{"start":{"line":110,"column":10},"end":{"line":110,"column":43}},"54":{"start":{"line":112,"column":8},"end":{"line":112,"column":29}},"55":{"start":{"line":113,"column":8},"end":{"line":113,"column":21}},"56":{"start":{"line":117,"column":22},"end":{"line":117,"column":40}},"57":{"start":{"line":118,"column":22},"end":{"line":118,"column":32}},"58":{"start":{"line":119,"column":8},"end":{"line":142,"column":9}},"59":{"start":{"line":120,"column":10},"end":{"line":120,"column":72}},"60":{"start":{"line":121,"column":23},"end":{"line":121,"column":31}},"61":{"start":{"line":122,"column":10},"end":{"line":127,"column":11}},"62":{"start":{"line":129,"column":25},"end":{"line":129,"column":41}},"63":{"start":{"line":130,"column":22},"end":{"line":130,"column":36}},"64":{"start":{"line":131,"column":23},"end":{"line":131,"column":42}},"65":{"start":{"line":132,"column":10},"end":{"line":135,"column":11}},"66":{"start":{"line":133,"column":25},"end":{"line":133,"column":33}},"67":{"start":{"line":134,"column":12},"end":{"line":134,"column":62}},"68":{"start":{"line":136,"column":10},"end":{"line":141,"column":11}},"69":{"start":{"line":144,"column":8},"end":{"line":144,"column":21}},"70":{"start":{"line":148,"column":22},"end":{"line":148,"column":40}},"71":{"start":{"line":149,"column":8},"end":{"line":149,"column":23}},"72":{"start":{"line":150,"column":8},"end":{"line":150,"column":34}},"73":{"start":{"line":151,"column":8},"end":{"line":151,"column":29}},"74":{"start":{"line":152,"column":8},"end":{"line":152,"column":21}},"75":{"start":{"line":157,"column":20},"end":{"line":157,"column":30}},"76":{"start":{"line":158,"column":20},"end":{"line":158,"column":30}},"77":{"start":{"line":159,"column":19},"end":{"line":159,"column":35}},"78":{"start":{"line":160,"column":18},"end":{"line":160,"column":29}},"79":{"start":{"line":161,"column":6},"end":{"line":165,"column":7}},"80":{"start":{"line":162,"column":8},"end":{"line":162,"column":37}},"81":{"start":{"line":164,"column":8},"end":{"line":164,"column":27}},"82":{"start":{"line":166,"column":6},"end":{"line":166,"column":22}},"83":{"start":{"line":167,"column":6},"end":{"line":167,"column":33}},"84":{"start":{"line":168,"column":6},"end":{"line":168,"column":18}}},"fnMap":{"0":{"name":"(anonymous_0)","decl":{"start":{"line":4,"column":25},"end":{"line":4,"column":26}},"loc":{"start":{"line":4,"column":49},"end":{"line":171,"column":1}},"line":4},"1":{"name":"(anonymous_1)","decl":{"start":{"line":10,"column":16},"end":{"line":10,"column":17}},"loc":{"start":{"line":10,"column":26},"end":{"line":13,"column":3}},"line":10},"2":{"name":"(anonymous_2)","decl":{"start":{"line":16,"column":30},"end":{"line":16,"column":31}},"loc":{"start":{"line":16,"column":38},"end":{"line":22,"column":3}},"line":16},"3":{"name":"(anonymous_3)","decl":{"start":{"line":17,"column":18},"end":{"line":17,"column":19}},"loc":{"start":{"line":17,"column":38},"end":{"line":21,"column":5}},"line":17},"4":{"name":"destroyPageComponent","decl":{"start":{"line":24,"column":11},"end":{"line":24,"column":31}},"loc":{"start":{"line":24,"column":53},"end":{"line":31,"column":3}},"line":24},"5":{"name":"(anonymous_5)","decl":{"start":{"line":67,"column":25},"end":{"line":67,"column":26}},"loc":{"start":{"line":67,"column":31},"end":{"line":69,"column":11}},"line":67}},"branchMap":{"0":{"loc":{"start":{"line":26,"column":4},"end":{"line":28,"column":5}},"type":"if","locations":[{"start":{"line":26,"column":4},"end":{"line":28,"column":5}},{"start":{"line":26,"column":4},"end":{"line":28,"column":5}}],"line":26},"1":{"loc":{"start":{"line":39,"column":6},"end":{"line":41,"column":7}},"type":"if","locations":[{"start":{"line":39,"column":6},"end":{"line":41,"column":7}},{"start":{"line":39,"column":6},"end":{"line":41,"column":7}}],"line":39},"2":{"loc":{"start":{"line":66,"column":8},"end":{"line":70,"column":9}},"type":"if","locations":[{"start":{"line":66,"column":8},"end":{"line":70,"column":9}},{"start":{"line":66,"column":8},"end":{"line":70,"column":9}}],"line":66},"3":{"loc":{"start":{"line":100,"column":10},"end":{"line":104,"column":11}},"type":"if","locations":[{"start":{"line":100,"column":10},"end":{"line":104,"column":11}},{"start":{"line":100,"column":10},"end":{"line":104,"column":11}}],"line":100},"4":{"loc":{"start":{"line":109,"column":8},"end":{"line":111,"column":9}},"type":"if","locations":[{"start":{"line":109,"column":8},"end":{"line":111,"column":9}},{"start":{"line":109,"column":8},"end":{"line":111,"column":9}}],"line":109},"5":{"loc":{"start":{"line":117,"column":22},"end":{"line":117,"column":40}},"type":"binary-expr","locations":[{"start":{"line":117,"column":22},"end":{"line":117,"column":35}},{"start":{"line":117,"column":39},"end":{"line":117,"column":40}}],"line":117},"6":{"loc":{"start":{"line":119,"column":8},"end":{"line":142,"column":9}},"type":"if","locations":[{"start":{"line":119,"column":8},"end":{"line":142,"column":9}},{"start":{"line":119,"column":8},"end":{"line":142,"column":9}}],"line":119},"7":{"loc":{"start":{"line":161,"column":6},"end":{"line":165,"column":7}},"type":"if","locations":[{"start":{"line":161,"column":6},"end":{"line":165,"column":7}},{"start":{"line":161,"column":6},"end":{"line":165,"column":7}}],"line":161}},"s":{"0":1,"1":1,"2":1,"3":1,"4":6,"5":6,"6":1,"7":1,"8":6,"9":6,"10":6,"11":7,"12":7,"13":7,"14":7,"15":7,"16":1,"17":1,"18":0,"19":1,"20":1,"21":1,"22":1,"23":1,"24":1,"25":1,"26":1,"27":7,"28":7,"29":1,"30":1,"31":3,"32":3,"33":3,"34":2,"35":2,"36":2,"37":1,"38":1,"39":1,"40":1,"41":1,"42":1,"43":1,"44":1,"45":1,"46":1,"47":1,"48":1,"49":0,"50":1,"51":1,"52":1,"53":1,"54":1,"55":1,"56":2,"57":2,"58":2,"59":1,"60":1,"61":1,"62":1,"63":1,"64":1,"65":1,"66":2,"67":2,"68":1,"69":2,"70":1,"71":1,"72":1,"73":1,"74":1,"75":8,"76":8,"77":8,"78":8,"79":8,"80":7,"81":1,"82":8,"83":8,"84":8},"f":{"0":1,"1":6,"2":1,"3":6,"4":7,"5":1},"b":{"0":[7,0],"1":[0,1],"2":[1,6],"3":[1,0],"4":[1,0],"5":[2,1],"6":[1,1],"7":[7,1]},"_coverageSchema":"332fd63041d2c1bcb487cc26dd0d5f7d97098a6c","hash":"b904eccdce324db1cf56ed60d0bd6753f17ae8db"}
,"/Users/wanglei/platform/workspace/page-stack/src/page-transition.js": {"path":"/Users/wanglei/platform/workspace/page-stack/src/page-transition.js","statementMap":{"0":{"start":{"line":1,"column":13},"end":{"line":1,"column":75}},"1":{"start":{"line":1,"column":75},"end":{"line":8,"column":6}}},"fnMap":{"0":{"name":"render","decl":{"start":{"line":6,"column":19},"end":{"line":6,"column":25}},"loc":{"start":{"line":6,"column":29},"end":{"line":8,"column":3}},"line":6}},"branchMap":{},"s":{"0":0,"1":0},"f":{"0":0},"b":{}}
,"/Users/wanglei/platform/workspace/page-stack/src/route.js": {"path":"/Users/wanglei/platform/workspace/page-stack/src/route.js","statementMap":{"0":{"start":{"line":14,"column":21},"end":{"line":16,"column":3}},"1":{"start":{"line":15,"column":4},"end":{"line":15,"column":39}},"2":{"start":{"line":19,"column":21},"end":{"line":21,"column":3}},"3":{"start":{"line":20,"column":4},"end":{"line":20,"column":39}},"4":{"start":{"line":24,"column":20},"end":{"line":26,"column":3}},"5":{"start":{"line":25,"column":4},"end":{"line":25,"column":38}},"6":{"start":{"line":29,"column":23},"end":{"line":31,"column":3}},"7":{"start":{"line":30,"column":4},"end":{"line":30,"column":41}},"8":{"start":{"line":34,"column":19},"end":{"line":36,"column":3}},"9":{"start":{"line":35,"column":4},"end":{"line":35,"column":37}},"10":{"start":{"line":39,"column":66},"end":{"line":39,"column":73}},"11":{"start":{"line":40,"column":4},"end":{"line":43,"column":5}},"12":{"start":{"line":41,"column":6},"end":{"line":41,"column":30}},"13":{"start":{"line":42,"column":6},"end":{"line":42,"column":12}},"14":{"start":{"line":44,"column":17},"end":{"line":44,"column":31}},"15":{"start":{"line":45,"column":17},"end":{"line":45,"column":24}},"16":{"start":{"line":46,"column":17},"end":{"line":46,"column":30}},"17":{"start":{"line":47,"column":4},"end":{"line":50,"column":5}},"18":{"start":{"line":48,"column":6},"end":{"line":48,"column":47}},"19":{"start":{"line":49,"column":6},"end":{"line":49,"column":12}},"20":{"start":{"line":51,"column":17},"end":{"line":51,"column":26}},"21":{"start":{"line":52,"column":4},"end":{"line":55,"column":5}},"22":{"start":{"line":53,"column":6},"end":{"line":53,"column":31}},"23":{"start":{"line":54,"column":6},"end":{"line":54,"column":12}},"24":{"start":{"line":56,"column":19},"end":{"line":56,"column":34}},"25":{"start":{"line":57,"column":4},"end":{"line":64,"column":6}},"26":{"start":{"line":68,"column":2},"end":{"line":74,"column":3}},"27":{"start":{"line":69,"column":4},"end":{"line":69,"column":30}},"28":{"start":{"line":70,"column":4},"end":{"line":70,"column":30}},"29":{"start":{"line":71,"column":4},"end":{"line":71,"column":28}},"30":{"start":{"line":72,"column":4},"end":{"line":72,"column":34}},"31":{"start":{"line":73,"column":4},"end":{"line":73,"column":26}}},"fnMap":{"0":{"name":"initRoute","decl":{"start":{"line":12,"column":16},"end":{"line":12,"column":25}},"loc":{"start":{"line":12,"column":47},"end":{"line":75,"column":1}},"line":12},"1":{"name":"(anonymous_1)","decl":{"start":{"line":14,"column":21},"end":{"line":14,"column":22}},"loc":{"start":{"line":14,"column":32},"end":{"line":16,"column":3}},"line":14},"2":{"name":"(anonymous_2)","decl":{"start":{"line":19,"column":21},"end":{"line":19,"column":22}},"loc":{"start":{"line":19,"column":32},"end":{"line":21,"column":3}},"line":19},"3":{"name":"(anonymous_3)","decl":{"start":{"line":24,"column":20},"end":{"line":24,"column":21}},"loc":{"start":{"line":24,"column":31},"end":{"line":26,"column":3}},"line":24},"4":{"name":"(anonymous_4)","decl":{"start":{"line":29,"column":23},"end":{"line":29,"column":24}},"loc":{"start":{"line":29,"column":34},"end":{"line":31,"column":3}},"line":29},"5":{"name":"(anonymous_5)","decl":{"start":{"line":34,"column":19},"end":{"line":34,"column":20}},"loc":{"start":{"line":34,"column":30},"end":{"line":36,"column":3}},"line":34},"6":{"name":"routeHandler","decl":{"start":{"line":38,"column":11},"end":{"line":38,"column":23}},"loc":{"start":{"line":38,"column":42},"end":{"line":65,"column":3}},"line":38}},"branchMap":{"0":{"loc":{"start":{"line":30,"column":27},"end":{"line":30,"column":40}},"type":"binary-expr","locations":[{"start":{"line":30,"column":27},"end":{"line":30,"column":34}},{"start":{"line":30,"column":38},"end":{"line":30,"column":40}}],"line":30},"1":{"loc":{"start":{"line":39,"column":17},"end":{"line":39,"column":31}},"type":"default-arg","locations":[{"start":{"line":39,"column":27},"end":{"line":39,"column":31}}],"line":39},"2":{"loc":{"start":{"line":39,"column":33},"end":{"line":39,"column":44}},"type":"default-arg","locations":[{"start":{"line":39,"column":40},"end":{"line":39,"column":44}}],"line":39},"3":{"loc":{"start":{"line":39,"column":46},"end":{"line":39,"column":61}},"type":"default-arg","locations":[{"start":{"line":39,"column":57},"end":{"line":39,"column":61}}],"line":39},"4":{"loc":{"start":{"line":40,"column":4},"end":{"line":43,"column":5}},"type":"if","locations":[{"start":{"line":40,"column":4},"end":{"line":43,"column":5}},{"start":{"line":40,"column":4},"end":{"line":43,"column":5}}],"line":40},"5":{"loc":{"start":{"line":47,"column":4},"end":{"line":50,"column":5}},"type":"if","locations":[{"start":{"line":47,"column":4},"end":{"line":50,"column":5}},{"start":{"line":47,"column":4},"end":{"line":50,"column":5}}],"line":47},"6":{"loc":{"start":{"line":52,"column":4},"end":{"line":55,"column":5}},"type":"if","locations":[{"start":{"line":52,"column":4},"end":{"line":55,"column":5}},{"start":{"line":52,"column":4},"end":{"line":55,"column":5}}],"line":52},"7":{"loc":{"start":{"line":68,"column":2},"end":{"line":74,"column":3}},"type":"if","locations":[{"start":{"line":68,"column":2},"end":{"line":74,"column":3}},{"start":{"line":68,"column":2},"end":{"line":74,"column":3}}],"line":68},"8":{"loc":{"start":{"line":68,"column":6},"end":{"line":68,"column":28}},"type":"binary-expr","locations":[{"start":{"line":68,"column":6},"end":{"line":68,"column":15}},{"start":{"line":68,"column":19},"end":{"line":68,"column":28}}],"line":68}},"s":{"0":1,"1":2,"2":1,"3":1,"4":1,"5":1,"6":1,"7":2,"8":1,"9":1,"10":5,"11":5,"12":0,"13":0,"14":5,"15":5,"16":5,"17":5,"18":0,"19":0,"20":5,"21":5,"22":0,"23":0,"24":5,"25":5,"26":1,"27":1,"28":1,"29":1,"30":1,"31":1},"f":{"0":1,"1":2,"2":1,"3":1,"4":2,"5":1,"6":5},"b":{"0":[2,1],"1":[5],"2":[5],"3":[5],"4":[0,5],"5":[0,5],"6":[0,5],"7":[1,0],"8":[1,1]},"_coverageSchema":"332fd63041d2c1bcb487cc26dd0d5f7d97098a6c","hash":"2cf0a0951f728a5f8119f32439df0502c8608daa"}
,"/Users/wanglei/platform/workspace/page-stack/src/utils.js": {"path":"/Users/wanglei/platform/workspace/page-stack/src/utils.js","statementMap":{"0":{"start":{"line":1,"column":20},"end":{"line":1,"column":28}},"1":{"start":{"line":3,"column":25},"end":{"line":3,"column":54}},"2":{"start":{"line":5,"column":22},"end":{"line":11,"column":1}},"3":{"start":{"line":6,"column":2},"end":{"line":6,"column":45}},"4":{"start":{"line":6,"column":39},"end":{"line":6,"column":45}},"5":{"start":{"line":7,"column":16},"end":{"line":7,"column":32}},"6":{"start":{"line":8,"column":2},"end":{"line":10,"column":3}},"7":{"start":{"line":9,"column":4},"end":{"line":9,"column":24}}},"fnMap":{"0":{"name":"(anonymous_0)","decl":{"start":{"line":1,"column":20},"end":{"line":1,"column":21}},"loc":{"start":{"line":1,"column":26},"end":{"line":1,"column":28}},"line":1},"1":{"name":"(anonymous_1)","decl":{"start":{"line":5,"column":22},"end":{"line":5,"column":23}},"loc":{"start":{"line":5,"column":36},"end":{"line":11,"column":1}},"line":5}},"branchMap":{"0":{"loc":{"start":{"line":6,"column":2},"end":{"line":6,"column":45}},"type":"if","locations":[{"start":{"line":6,"column":2},"end":{"line":6,"column":45}},{"start":{"line":6,"column":2},"end":{"line":6,"column":45}}],"line":6},"1":{"loc":{"start":{"line":6,"column":6},"end":{"line":6,"column":37}},"type":"binary-expr","locations":[{"start":{"line":6,"column":6},"end":{"line":6,"column":17}},{"start":{"line":6,"column":21},"end":{"line":6,"column":37}}],"line":6},"2":{"loc":{"start":{"line":8,"column":2},"end":{"line":10,"column":3}},"type":"if","locations":[{"start":{"line":8,"column":2},"end":{"line":10,"column":3}},{"start":{"line":8,"column":2},"end":{"line":10,"column":3}}],"line":8}},"s":{"0":1,"1":1,"2":1,"3":8,"4":2,"5":6,"6":6,"7":6},"f":{"0":0,"1":8},"b":{"0":[2,6],"1":[8,8],"2":[6,0]},"_coverageSchema":"332fd63041d2c1bcb487cc26dd0d5f7d97098a6c","hash":"e85b6c9a010dc7f8ffb5ce04090e28050a59a4ce"}
}
