{"/Users/wanglei/platform/workspace/page-stack/src/decode.js": {"path":"/Users/wanglei/platform/workspace/page-stack/src/decode.js","statementMap":{"0":{"start":{"line":3,"column":2},"end":{"line":3,"column":57}},"1":{"start":{"line":7,"column":2},"end":{"line":7,"column":19}},"2":{"start":{"line":8,"column":2},"end":{"line":8,"column":17}},"3":{"start":{"line":9,"column":12},"end":{"line":9,"column":14}},"4":{"start":{"line":11,"column":2},"end":{"line":13,"column":3}},"5":{"start":{"line":12,"column":4},"end":{"line":12,"column":15}},"6":{"start":{"line":15,"column":15},"end":{"line":15,"column":20}},"7":{"start":{"line":16,"column":2},"end":{"line":16,"column":21}},"8":{"start":{"line":18,"column":16},"end":{"line":18,"column":20}},"9":{"start":{"line":19,"column":2},"end":{"line":21,"column":3}},"10":{"start":{"line":20,"column":4},"end":{"line":20,"column":30}},"11":{"start":{"line":23,"column":12},"end":{"line":23,"column":21}},"12":{"start":{"line":25,"column":2},"end":{"line":27,"column":3}},"13":{"start":{"line":26,"column":4},"end":{"line":26,"column":18}},"14":{"start":{"line":29,"column":2},"end":{"line":52,"column":3}},"15":{"start":{"line":30,"column":12},"end":{"line":30,"column":40}},"16":{"start":{"line":31,"column":12},"end":{"line":31,"column":25}},"17":{"start":{"line":34,"column":4},"end":{"line":40,"column":5}},"18":{"start":{"line":35,"column":6},"end":{"line":35,"column":30}},"19":{"start":{"line":36,"column":6},"end":{"line":36,"column":31}},"20":{"start":{"line":38,"column":6},"end":{"line":38,"column":15}},"21":{"start":{"line":39,"column":6},"end":{"line":39,"column":16}},"22":{"start":{"line":42,"column":4},"end":{"line":42,"column":33}},"23":{"start":{"line":43,"column":4},"end":{"line":43,"column":33}},"24":{"start":{"line":45,"column":4},"end":{"line":51,"column":5}},"25":{"start":{"line":46,"column":6},"end":{"line":46,"column":17}},"26":{"start":{"line":47,"column":11},"end":{"line":51,"column":5}},"27":{"start":{"line":48,"column":6},"end":{"line":48,"column":21}},"28":{"start":{"line":50,"column":6},"end":{"line":50,"column":27}},"29":{"start":{"line":54,"column":2},"end":{"line":54,"column":13}}},"fnMap":{"0":{"name":"hasOwnProperty","decl":{"start":{"line":2,"column":9},"end":{"line":2,"column":23}},"loc":{"start":{"line":2,"column":36},"end":{"line":4,"column":1}},"line":2},"1":{"name":"decode","decl":{"start":{"line":6,"column":16},"end":{"line":6,"column":22}},"loc":{"start":{"line":6,"column":46},"end":{"line":55,"column":1}},"line":6}},"branchMap":{"0":{"loc":{"start":{"line":7,"column":8},"end":{"line":7,"column":18}},"type":"binary-expr","locations":[{"start":{"line":7,"column":8},"end":{"line":7,"column":11}},{"start":{"line":7,"column":15},"end":{"line":7,"column":18}}],"line":7},"1":{"loc":{"start":{"line":8,"column":7},"end":{"line":8,"column":16}},"type":"binary-expr","locations":[{"start":{"line":8,"column":7},"end":{"line":8,"column":9}},{"start":{"line":8,"column":13},"end":{"line":8,"column":16}}],"line":8},"2":{"loc":{"start":{"line":11,"column":2},"end":{"line":13,"column":3}},"type":"if","locations":[{"start":{"line":11,"column":2},"end":{"line":13,"column":3}},{"start":{"line":11,"column":2},"end":{"line":13,"column":3}}],"line":11},"3":{"loc":{"start":{"line":11,"column":6},"end":{"line":11,"column":47}},"type":"binary-expr","locations":[{"start":{"line":11,"column":6},"end":{"line":11,"column":28}},{"start":{"line":11,"column":32},"end":{"line":11,"column":47}}],"line":11},"4":{"loc":{"start":{"line":19,"column":2},"end":{"line":21,"column":3}},"type":"if","locations":[{"start":{"line":19,"column":2},"end":{"line":21,"column":3}},{"start":{"line":19,"column":2},"end":{"line":21,"column":3}}],"line":19},"5":{"loc":{"start":{"line":19,"column":6},"end":{"line":19,"column":52}},"type":"binary-expr","locations":[{"start":{"line":19,"column":6},"end":{"line":19,"column":13}},{"start":{"line":19,"column":17},"end":{"line":19,"column":52}}],"line":19},"6":{"loc":{"start":{"line":25,"column":2},"end":{"line":27,"column":3}},"type":"if","locations":[{"start":{"line":25,"column":2},"end":{"line":27,"column":3}},{"start":{"line":25,"column":2},"end":{"line":27,"column":3}}],"line":25},"7":{"loc":{"start":{"line":25,"column":6},"end":{"line":25,"column":34}},"type":"binary-expr","locations":[{"start":{"line":25,"column":6},"end":{"line":25,"column":17}},{"start":{"line":25,"column":21},"end":{"line":25,"column":34}}],"line":25},"8":{"loc":{"start":{"line":34,"column":4},"end":{"line":40,"column":5}},"type":"if","locations":[{"start":{"line":34,"column":4},"end":{"line":40,"column":5}},{"start":{"line":34,"column":4},"end":{"line":40,"column":5}}],"line":34},"9":{"loc":{"start":{"line":45,"column":4},"end":{"line":51,"column":5}},"type":"if","locations":[{"start":{"line":45,"column":4},"end":{"line":51,"column":5}},{"start":{"line":45,"column":4},"end":{"line":51,"column":5}}],"line":45},"10":{"loc":{"start":{"line":47,"column":11},"end":{"line":51,"column":5}},"type":"if","locations":[{"start":{"line":47,"column":11},"end":{"line":51,"column":5}},{"start":{"line":47,"column":11},"end":{"line":51,"column":5}}],"line":47}},"s":{"0":4,"1":5,"2":5,"3":5,"4":5,"5":3,"6":2,"7":2,"8":2,"9":2,"10":0,"11":2,"12":2,"13":0,"14":2,"15":4,"16":4,"17":4,"18":4,"19":4,"20":0,"21":0,"22":4,"23":4,"24":4,"25":4,"26":0,"27":0,"28":0,"29":2},"f":{"0":4,"1":5},"b":{"0":[5,5],"1":[5,5],"2":[3,2],"3":[5,2],"4":[0,2],"5":[2,0],"6":[0,2],"7":[2,2],"8":[4,0],"9":[4,0],"10":[0,0]},"_coverageSchema":"332fd63041d2c1bcb487cc26dd0d5f7d97098a6c","hash":"c9a9dfd3fee3aaaa93e8ead88bd108fe00fe1df4"}
,"/Users/wanglei/platform/workspace/page-stack/src/index.js": {"path":"/Users/wanglei/platform/workspace/page-stack/src/index.js","statementMap":{"0":{"start":{"line":13,"column":16},"end":{"line":13,"column":29}},"1":{"start":{"line":14,"column":2},"end":{"line":14,"column":52}}},"fnMap":{"0":{"name":"(anonymous_0)","decl":{"start":{"line":12,"column":15},"end":{"line":12,"column":16}},"loc":{"start":{"line":12,"column":39},"end":{"line":15,"column":1}},"line":12}},"branchMap":{},"s":{"0":1,"1":1},"f":{"0":1},"b":{},"_coverageSchema":"332fd63041d2c1bcb487cc26dd0d5f7d97098a6c","hash":"16208257f5419a97c8e05a50274276b40a4ac456"}
,"/Users/wanglei/platform/workspace/page-stack/src/page-hooks.js": {"path":"/Users/wanglei/platform/workspace/page-stack/src/page-hooks.js","statementMap":{"0":{"start":{"line":1,"column":16},"end":{"line":1,"column":41}},"1":{"start":{"line":3,"column":23},"end":{"line":8,"column":3}},"2":{"start":{"line":4,"column":17},"end":{"line":4,"column":30}},"3":{"start":{"line":5,"column":4},"end":{"line":7,"column":5}},"4":{"start":{"line":6,"column":6},"end":{"line":6,"column":32}},"5":{"start":{"line":9,"column":2},"end":{"line":22,"column":3}},"6":{"start":{"line":11,"column":6},"end":{"line":11,"column":51}},"7":{"start":{"line":14,"column":6},"end":{"line":14,"column":26}},"8":{"start":{"line":17,"column":6},"end":{"line":17,"column":27}},"9":{"start":{"line":20,"column":6},"end":{"line":20,"column":28}}},"fnMap":{"0":{"name":"addPageHook","decl":{"start":{"line":2,"column":16},"end":{"line":2,"column":27}},"loc":{"start":{"line":2,"column":46},"end":{"line":23,"column":1}},"line":2},"1":{"name":"(anonymous_1)","decl":{"start":{"line":3,"column":23},"end":{"line":3,"column":24}},"loc":{"start":{"line":3,"column":42},"end":{"line":8,"column":3}},"line":3}},"branchMap":{"0":{"loc":{"start":{"line":5,"column":4},"end":{"line":7,"column":5}},"type":"if","locations":[{"start":{"line":5,"column":4},"end":{"line":7,"column":5}},{"start":{"line":5,"column":4},"end":{"line":7,"column":5}}],"line":5},"1":{"loc":{"start":{"line":5,"column":8},"end":{"line":5,"column":33}},"type":"binary-expr","locations":[{"start":{"line":5,"column":8},"end":{"line":5,"column":12}},{"start":{"line":5,"column":16},"end":{"line":5,"column":33}}],"line":5}},"s":{"0":1,"1":6,"2":28,"3":28,"4":28,"5":6,"6":7,"7":7,"8":7,"9":7},"f":{"0":6,"1":28},"b":{"0":[28,0],"1":[28,28]},"_coverageSchema":"332fd63041d2c1bcb487cc26dd0d5f7d97098a6c","hash":"116bfd192e2318a524e39149e2f9d9278582931a"}
,"/Users/wanglei/platform/workspace/page-stack/src/page-stack.js": {"path":"/Users/wanglei/platform/workspace/page-stack/src/page-stack.js","statementMap":{"0":{"start":{"line":4,"column":16},"end":{"line":4,"column":41}},"1":{"start":{"line":5,"column":25},"end":{"line":199,"column":1}},"2":{"start":{"line":10,"column":28},"end":{"line":13,"column":3}},"3":{"start":{"line":14,"column":25},"end":{"line":17,"column":3}},"4":{"start":{"line":18,"column":18},"end":{"line":18,"column":37}},"5":{"start":{"line":19,"column":18},"end":{"line":19,"column":37}},"6":{"start":{"line":20,"column":2},"end":{"line":23,"column":4}},"7":{"start":{"line":21,"column":4},"end":{"line":21,"column":29}},"8":{"start":{"line":22,"column":4},"end":{"line":22,"column":29}},"9":{"start":{"line":26,"column":30},"end":{"line":32,"column":3}},"10":{"start":{"line":27,"column":4},"end":{"line":31,"column":6}},"11":{"start":{"line":28,"column":28},"end":{"line":28,"column":47}},"12":{"start":{"line":29,"column":34},"end":{"line":29,"column":77}},"13":{"start":{"line":30,"column":6},"end":{"line":30,"column":46}},"14":{"start":{"line":35,"column":18},"end":{"line":35,"column":29}},"15":{"start":{"line":36,"column":4},"end":{"line":38,"column":5}},"16":{"start":{"line":37,"column":6},"end":{"line":37,"column":40}},"17":{"start":{"line":39,"column":4},"end":{"line":39,"column":22}},"18":{"start":{"line":40,"column":4},"end":{"line":40,"column":23}},"19":{"start":{"line":43,"column":2},"end":{"line":198,"column":3}},"20":{"start":{"line":49,"column":6},"end":{"line":51,"column":7}},"21":{"start":{"line":50,"column":8},"end":{"line":50,"column":56}},"22":{"start":{"line":52,"column":6},"end":{"line":52,"column":22}},"23":{"start":{"line":53,"column":6},"end":{"line":53,"column":30}},"24":{"start":{"line":54,"column":6},"end":{"line":54,"column":31}},"25":{"start":{"line":58,"column":6},"end":{"line":58,"column":38}},"26":{"start":{"line":59,"column":19},"end":{"line":59,"column":27}},"27":{"start":{"line":60,"column":6},"end":{"line":65,"column":7}},"28":{"start":{"line":66,"column":6},"end":{"line":66,"column":21}},"29":{"start":{"line":68,"column":6},"end":{"line":68,"column":23}},"30":{"start":{"line":72,"column":6},"end":{"line":72,"column":37}},"31":{"start":{"line":77,"column":8},"end":{"line":77,"column":50}},"32":{"start":{"line":78,"column":8},"end":{"line":78,"column":27}},"33":{"start":{"line":79,"column":8},"end":{"line":83,"column":9}},"34":{"start":{"line":80,"column":10},"end":{"line":82,"column":12}},"35":{"start":{"line":81,"column":12},"end":{"line":81,"column":37}},"36":{"start":{"line":87,"column":8},"end":{"line":90,"column":9}},"37":{"start":{"line":88,"column":23},"end":{"line":88,"column":31}},"38":{"start":{"line":89,"column":10},"end":{"line":89,"column":60}},"39":{"start":{"line":94,"column":21},"end":{"line":94,"column":46}},"40":{"start":{"line":95,"column":8},"end":{"line":97,"column":9}},"41":{"start":{"line":96,"column":10},"end":{"line":96,"column":29}},"42":{"start":{"line":101,"column":8},"end":{"line":101,"column":27}},"43":{"start":{"line":102,"column":8},"end":{"line":102,"column":29}},"44":{"start":{"line":103,"column":8},"end":{"line":103,"column":25}},"45":{"start":{"line":104,"column":8},"end":{"line":104,"column":21}},"46":{"start":{"line":108,"column":8},"end":{"line":108,"column":70}},"47":{"start":{"line":109,"column":8},"end":{"line":109,"column":29}},"48":{"start":{"line":110,"column":8},"end":{"line":110,"column":25}},"49":{"start":{"line":111,"column":8},"end":{"line":111,"column":21}},"50":{"start":{"line":115,"column":22},"end":{"line":115,"column":40}},"51":{"start":{"line":116,"column":24},"end":{"line":116,"column":26}},"52":{"start":{"line":117,"column":26},"end":{"line":117,"column":28}},"53":{"start":{"line":118,"column":8},"end":{"line":118,"column":23}},"54":{"start":{"line":119,"column":8},"end":{"line":127,"column":9}},"55":{"start":{"line":120,"column":21},"end":{"line":120,"column":29}},"56":{"start":{"line":121,"column":21},"end":{"line":121,"column":34}},"57":{"start":{"line":122,"column":10},"end":{"line":126,"column":11}},"58":{"start":{"line":123,"column":12},"end":{"line":123,"column":30}},"59":{"start":{"line":125,"column":12},"end":{"line":125,"column":32}},"60":{"start":{"line":129,"column":8},"end":{"line":129,"column":38}},"61":{"start":{"line":130,"column":8},"end":{"line":130,"column":28}},"62":{"start":{"line":131,"column":8},"end":{"line":133,"column":9}},"63":{"start":{"line":132,"column":10},"end":{"line":132,"column":29}},"64":{"start":{"line":134,"column":8},"end":{"line":134,"column":25}},"65":{"start":{"line":135,"column":8},"end":{"line":135,"column":29}},"66":{"start":{"line":136,"column":8},"end":{"line":136,"column":21}},"67":{"start":{"line":140,"column":22},"end":{"line":140,"column":40}},"68":{"start":{"line":141,"column":22},"end":{"line":141,"column":32}},"69":{"start":{"line":142,"column":8},"end":{"line":165,"column":9}},"70":{"start":{"line":143,"column":10},"end":{"line":143,"column":72}},"71":{"start":{"line":144,"column":23},"end":{"line":144,"column":31}},"72":{"start":{"line":145,"column":10},"end":{"line":150,"column":11}},"73":{"start":{"line":152,"column":25},"end":{"line":152,"column":41}},"74":{"start":{"line":153,"column":22},"end":{"line":153,"column":36}},"75":{"start":{"line":154,"column":23},"end":{"line":154,"column":42}},"76":{"start":{"line":155,"column":10},"end":{"line":158,"column":11}},"77":{"start":{"line":156,"column":25},"end":{"line":156,"column":33}},"78":{"start":{"line":157,"column":12},"end":{"line":157,"column":62}},"79":{"start":{"line":159,"column":10},"end":{"line":164,"column":11}},"80":{"start":{"line":167,"column":8},"end":{"line":167,"column":25}},"81":{"start":{"line":168,"column":8},"end":{"line":168,"column":21}},"82":{"start":{"line":172,"column":22},"end":{"line":172,"column":40}},"83":{"start":{"line":173,"column":8},"end":{"line":173,"column":23}},"84":{"start":{"line":174,"column":8},"end":{"line":174,"column":34}},"85":{"start":{"line":175,"column":8},"end":{"line":175,"column":29}},"86":{"start":{"line":176,"column":8},"end":{"line":176,"column":25}},"87":{"start":{"line":177,"column":8},"end":{"line":177,"column":21}},"88":{"start":{"line":182,"column":20},"end":{"line":182,"column":30}},"89":{"start":{"line":183,"column":20},"end":{"line":183,"column":30}},"90":{"start":{"line":184,"column":19},"end":{"line":184,"column":35}},"91":{"start":{"line":185,"column":18},"end":{"line":185,"column":29}},"92":{"start":{"line":186,"column":6},"end":{"line":192,"column":7}},"93":{"start":{"line":187,"column":8},"end":{"line":187,"column":37}},"94":{"start":{"line":188,"column":8},"end":{"line":188,"column":55}},"95":{"start":{"line":189,"column":8},"end":{"line":189,"column":46}},"96":{"start":{"line":191,"column":8},"end":{"line":191,"column":27}},"97":{"start":{"line":193,"column":6},"end":{"line":193,"column":67}},"98":{"start":{"line":194,"column":6},"end":{"line":194,"column":22}},"99":{"start":{"line":195,"column":6},"end":{"line":195,"column":33}},"100":{"start":{"line":196,"column":6},"end":{"line":196,"column":18}}},"fnMap":{"0":{"name":"(anonymous_0)","decl":{"start":{"line":5,"column":25},"end":{"line":5,"column":26}},"loc":{"start":{"line":5,"column":41},"end":{"line":199,"column":1}},"line":5},"1":{"name":"(anonymous_1)","decl":{"start":{"line":20,"column":16},"end":{"line":20,"column":17}},"loc":{"start":{"line":20,"column":26},"end":{"line":23,"column":3}},"line":20},"2":{"name":"(anonymous_2)","decl":{"start":{"line":26,"column":30},"end":{"line":26,"column":31}},"loc":{"start":{"line":26,"column":38},"end":{"line":32,"column":3}},"line":26},"3":{"name":"(anonymous_3)","decl":{"start":{"line":27,"column":18},"end":{"line":27,"column":19}},"loc":{"start":{"line":27,"column":38},"end":{"line":31,"column":5}},"line":27},"4":{"name":"destroyPageComponent","decl":{"start":{"line":34,"column":11},"end":{"line":34,"column":31}},"loc":{"start":{"line":34,"column":53},"end":{"line":41,"column":3}},"line":34},"5":{"name":"(anonymous_5)","decl":{"start":{"line":80,"column":25},"end":{"line":80,"column":26}},"loc":{"start":{"line":80,"column":31},"end":{"line":82,"column":11}},"line":80}},"branchMap":{"0":{"loc":{"start":{"line":36,"column":4},"end":{"line":38,"column":5}},"type":"if","locations":[{"start":{"line":36,"column":4},"end":{"line":38,"column":5}},{"start":{"line":36,"column":4},"end":{"line":38,"column":5}}],"line":36},"1":{"loc":{"start":{"line":49,"column":6},"end":{"line":51,"column":7}},"type":"if","locations":[{"start":{"line":49,"column":6},"end":{"line":51,"column":7}},{"start":{"line":49,"column":6},"end":{"line":51,"column":7}}],"line":49},"2":{"loc":{"start":{"line":79,"column":8},"end":{"line":83,"column":9}},"type":"if","locations":[{"start":{"line":79,"column":8},"end":{"line":83,"column":9}},{"start":{"line":79,"column":8},"end":{"line":83,"column":9}}],"line":79},"3":{"loc":{"start":{"line":93,"column":20},"end":{"line":93,"column":33}},"type":"default-arg","locations":[{"start":{"line":93,"column":27},"end":{"line":93,"column":33}}],"line":93},"4":{"loc":{"start":{"line":95,"column":8},"end":{"line":97,"column":9}},"type":"if","locations":[{"start":{"line":95,"column":8},"end":{"line":97,"column":9}},{"start":{"line":95,"column":8},"end":{"line":97,"column":9}}],"line":95},"5":{"loc":{"start":{"line":95,"column":12},"end":{"line":95,"column":37}},"type":"binary-expr","locations":[{"start":{"line":95,"column":12},"end":{"line":95,"column":16}},{"start":{"line":95,"column":20},"end":{"line":95,"column":37}}],"line":95},"6":{"loc":{"start":{"line":122,"column":10},"end":{"line":126,"column":11}},"type":"if","locations":[{"start":{"line":122,"column":10},"end":{"line":126,"column":11}},{"start":{"line":122,"column":10},"end":{"line":126,"column":11}}],"line":122},"7":{"loc":{"start":{"line":131,"column":8},"end":{"line":133,"column":9}},"type":"if","locations":[{"start":{"line":131,"column":8},"end":{"line":133,"column":9}},{"start":{"line":131,"column":8},"end":{"line":133,"column":9}}],"line":131},"8":{"loc":{"start":{"line":140,"column":22},"end":{"line":140,"column":40}},"type":"binary-expr","locations":[{"start":{"line":140,"column":22},"end":{"line":140,"column":35}},{"start":{"line":140,"column":39},"end":{"line":140,"column":40}}],"line":140},"9":{"loc":{"start":{"line":142,"column":8},"end":{"line":165,"column":9}},"type":"if","locations":[{"start":{"line":142,"column":8},"end":{"line":165,"column":9}},{"start":{"line":142,"column":8},"end":{"line":165,"column":9}}],"line":142},"10":{"loc":{"start":{"line":186,"column":6},"end":{"line":192,"column":7}},"type":"if","locations":[{"start":{"line":186,"column":6},"end":{"line":192,"column":7}},{"start":{"line":186,"column":6},"end":{"line":192,"column":7}}],"line":186}},"s":{"0":1,"1":1,"2":1,"3":1,"4":1,"5":1,"6":1,"7":6,"8":6,"9":1,"10":1,"11":6,"12":6,"13":6,"14":7,"15":7,"16":7,"17":7,"18":7,"19":1,"20":1,"21":0,"22":1,"23":1,"24":1,"25":1,"26":1,"27":1,"28":1,"29":1,"30":1,"31":7,"32":7,"33":7,"34":1,"35":1,"36":3,"37":3,"38":3,"39":4,"40":4,"41":4,"42":2,"43":2,"44":2,"45":2,"46":1,"47":1,"48":1,"49":1,"50":1,"51":1,"52":1,"53":1,"54":1,"55":1,"56":1,"57":1,"58":1,"59":0,"60":1,"61":1,"62":1,"63":1,"64":1,"65":1,"66":1,"67":2,"68":2,"69":2,"70":1,"71":1,"72":1,"73":1,"74":1,"75":1,"76":1,"77":2,"78":2,"79":1,"80":2,"81":2,"82":1,"83":1,"84":1,"85":1,"86":1,"87":1,"88":8,"89":8,"90":8,"91":8,"92":8,"93":7,"94":7,"95":7,"96":1,"97":8,"98":8,"99":8,"100":8},"f":{"0":1,"1":6,"2":1,"3":6,"4":7,"5":1},"b":{"0":[7,0],"1":[0,1],"2":[1,6],"3":[3],"4":[4,0],"5":[4,4],"6":[1,0],"7":[1,0],"8":[2,1],"9":[1,1],"10":[7,1]},"_coverageSchema":"332fd63041d2c1bcb487cc26dd0d5f7d97098a6c","hash":"df0f492242d9a85c8ae2377a6930b9ae9cf9ea14"}
,"/Users/wanglei/platform/workspace/page-stack/src/route.js": {"path":"/Users/wanglei/platform/workspace/page-stack/src/route.js","statementMap":{"0":{"start":{"line":15,"column":21},"end":{"line":17,"column":3}},"1":{"start":{"line":16,"column":4},"end":{"line":16,"column":39}},"2":{"start":{"line":20,"column":21},"end":{"line":22,"column":3}},"3":{"start":{"line":21,"column":4},"end":{"line":21,"column":39}},"4":{"start":{"line":25,"column":20},"end":{"line":27,"column":3}},"5":{"start":{"line":26,"column":4},"end":{"line":26,"column":38}},"6":{"start":{"line":30,"column":23},"end":{"line":32,"column":3}},"7":{"start":{"line":31,"column":4},"end":{"line":31,"column":41}},"8":{"start":{"line":35,"column":19},"end":{"line":37,"column":3}},"9":{"start":{"line":36,"column":4},"end":{"line":36,"column":37}},"10":{"start":{"line":40,"column":66},"end":{"line":40,"column":73}},"11":{"start":{"line":41,"column":4},"end":{"line":44,"column":5}},"12":{"start":{"line":42,"column":6},"end":{"line":42,"column":30}},"13":{"start":{"line":43,"column":6},"end":{"line":43,"column":12}},"14":{"start":{"line":45,"column":17},"end":{"line":45,"column":31}},"15":{"start":{"line":46,"column":17},"end":{"line":46,"column":24}},"16":{"start":{"line":47,"column":19},"end":{"line":47,"column":35}},"17":{"start":{"line":48,"column":21},"end":{"line":48,"column":77}},"18":{"start":{"line":49,"column":19},"end":{"line":49,"column":46}},"19":{"start":{"line":50,"column":4},"end":{"line":50,"column":66}},"20":{"start":{"line":51,"column":17},"end":{"line":51,"column":34}},"21":{"start":{"line":52,"column":4},"end":{"line":55,"column":5}},"22":{"start":{"line":53,"column":6},"end":{"line":53,"column":51}},"23":{"start":{"line":54,"column":6},"end":{"line":54,"column":12}},"24":{"start":{"line":56,"column":17},"end":{"line":56,"column":26}},"25":{"start":{"line":57,"column":4},"end":{"line":60,"column":5}},"26":{"start":{"line":58,"column":6},"end":{"line":58,"column":31}},"27":{"start":{"line":59,"column":6},"end":{"line":59,"column":12}},"28":{"start":{"line":61,"column":19},"end":{"line":61,"column":34}},"29":{"start":{"line":62,"column":4},"end":{"line":69,"column":6}},"30":{"start":{"line":73,"column":2},"end":{"line":79,"column":3}},"31":{"start":{"line":74,"column":4},"end":{"line":74,"column":30}},"32":{"start":{"line":75,"column":4},"end":{"line":75,"column":30}},"33":{"start":{"line":76,"column":4},"end":{"line":76,"column":28}},"34":{"start":{"line":77,"column":4},"end":{"line":77,"column":34}},"35":{"start":{"line":78,"column":4},"end":{"line":78,"column":26}}},"fnMap":{"0":{"name":"initRoute","decl":{"start":{"line":13,"column":16},"end":{"line":13,"column":25}},"loc":{"start":{"line":13,"column":47},"end":{"line":80,"column":1}},"line":13},"1":{"name":"(anonymous_1)","decl":{"start":{"line":15,"column":21},"end":{"line":15,"column":22}},"loc":{"start":{"line":15,"column":32},"end":{"line":17,"column":3}},"line":15},"2":{"name":"(anonymous_2)","decl":{"start":{"line":20,"column":21},"end":{"line":20,"column":22}},"loc":{"start":{"line":20,"column":32},"end":{"line":22,"column":3}},"line":20},"3":{"name":"(anonymous_3)","decl":{"start":{"line":25,"column":20},"end":{"line":25,"column":21}},"loc":{"start":{"line":25,"column":31},"end":{"line":27,"column":3}},"line":25},"4":{"name":"(anonymous_4)","decl":{"start":{"line":30,"column":23},"end":{"line":30,"column":24}},"loc":{"start":{"line":30,"column":34},"end":{"line":32,"column":3}},"line":30},"5":{"name":"(anonymous_5)","decl":{"start":{"line":35,"column":19},"end":{"line":35,"column":20}},"loc":{"start":{"line":35,"column":30},"end":{"line":37,"column":3}},"line":35},"6":{"name":"routeHandler","decl":{"start":{"line":39,"column":11},"end":{"line":39,"column":23}},"loc":{"start":{"line":39,"column":42},"end":{"line":70,"column":3}},"line":39}},"branchMap":{"0":{"loc":{"start":{"line":31,"column":27},"end":{"line":31,"column":40}},"type":"binary-expr","locations":[{"start":{"line":31,"column":27},"end":{"line":31,"column":34}},{"start":{"line":31,"column":38},"end":{"line":31,"column":40}}],"line":31},"1":{"loc":{"start":{"line":40,"column":17},"end":{"line":40,"column":31}},"type":"default-arg","locations":[{"start":{"line":40,"column":27},"end":{"line":40,"column":31}}],"line":40},"2":{"loc":{"start":{"line":40,"column":33},"end":{"line":40,"column":44}},"type":"default-arg","locations":[{"start":{"line":40,"column":40},"end":{"line":40,"column":44}}],"line":40},"3":{"loc":{"start":{"line":40,"column":46},"end":{"line":40,"column":61}},"type":"default-arg","locations":[{"start":{"line":40,"column":57},"end":{"line":40,"column":61}}],"line":40},"4":{"loc":{"start":{"line":41,"column":4},"end":{"line":44,"column":5}},"type":"if","locations":[{"start":{"line":41,"column":4},"end":{"line":44,"column":5}},{"start":{"line":41,"column":4},"end":{"line":44,"column":5}}],"line":41},"5":{"loc":{"start":{"line":48,"column":21},"end":{"line":48,"column":77}},"type":"cond-expr","locations":[{"start":{"line":48,"column":46},"end":{"line":48,"column":57}},{"start":{"line":48,"column":60},"end":{"line":48,"column":77}}],"line":48},"6":{"loc":{"start":{"line":50,"column":15},"end":{"line":50,"column":66}},"type":"cond-expr","locations":[{"start":{"line":50,"column":37},"end":{"line":50,"column":55}},{"start":{"line":50,"column":58},"end":{"line":50,"column":66}}],"line":50},"7":{"loc":{"start":{"line":52,"column":4},"end":{"line":55,"column":5}},"type":"if","locations":[{"start":{"line":52,"column":4},"end":{"line":55,"column":5}},{"start":{"line":52,"column":4},"end":{"line":55,"column":5}}],"line":52},"8":{"loc":{"start":{"line":57,"column":4},"end":{"line":60,"column":5}},"type":"if","locations":[{"start":{"line":57,"column":4},"end":{"line":60,"column":5}},{"start":{"line":57,"column":4},"end":{"line":60,"column":5}}],"line":57},"9":{"loc":{"start":{"line":73,"column":2},"end":{"line":79,"column":3}},"type":"if","locations":[{"start":{"line":73,"column":2},"end":{"line":79,"column":3}},{"start":{"line":73,"column":2},"end":{"line":79,"column":3}}],"line":73},"10":{"loc":{"start":{"line":73,"column":6},"end":{"line":73,"column":28}},"type":"binary-expr","locations":[{"start":{"line":73,"column":6},"end":{"line":73,"column":15}},{"start":{"line":73,"column":19},"end":{"line":73,"column":28}}],"line":73}},"s":{"0":1,"1":2,"2":1,"3":1,"4":1,"5":1,"6":1,"7":2,"8":1,"9":1,"10":5,"11":5,"12":0,"13":0,"14":5,"15":5,"16":5,"17":5,"18":5,"19":5,"20":5,"21":5,"22":0,"23":0,"24":5,"25":5,"26":0,"27":0,"28":5,"29":5,"30":1,"31":1,"32":1,"33":1,"34":1,"35":1},"f":{"0":1,"1":2,"2":1,"3":1,"4":2,"5":1,"6":5},"b":{"0":[2,1],"1":[5],"2":[5],"3":[5],"4":[0,5],"5":[0,5],"6":[5,0],"7":[0,5],"8":[0,5],"9":[1,0],"10":[1,1]},"_coverageSchema":"332fd63041d2c1bcb487cc26dd0d5f7d97098a6c","hash":"ce4e1e90b2ed5b8d6d8f92a3b65036684c49f838"}
,"/Users/wanglei/platform/workspace/page-stack/src/utils.js": {"path":"/Users/wanglei/platform/workspace/page-stack/src/utils.js","statementMap":{"0":{"start":{"line":1,"column":20},"end":{"line":1,"column":28}},"1":{"start":{"line":3,"column":25},"end":{"line":3,"column":54}},"2":{"start":{"line":5,"column":22},"end":{"line":11,"column":1}},"3":{"start":{"line":6,"column":2},"end":{"line":6,"column":45}},"4":{"start":{"line":6,"column":39},"end":{"line":6,"column":45}},"5":{"start":{"line":7,"column":16},"end":{"line":7,"column":32}},"6":{"start":{"line":8,"column":2},"end":{"line":10,"column":3}},"7":{"start":{"line":9,"column":4},"end":{"line":9,"column":24}},"8":{"start":{"line":13,"column":27},"end":{"line":28,"column":1}},"9":{"start":{"line":14,"column":2},"end":{"line":14,"column":34}},"10":{"start":{"line":14,"column":23},"end":{"line":14,"column":34}},"11":{"start":{"line":15,"column":2},"end":{"line":15,"column":51}},"12":{"start":{"line":15,"column":23},"end":{"line":15,"column":51}},"13":{"start":{"line":16,"column":12},"end":{"line":16,"column":27}},"14":{"start":{"line":17,"column":12},"end":{"line":17,"column":31}},"15":{"start":{"line":18,"column":2},"end":{"line":26,"column":3}},"16":{"start":{"line":19,"column":14},"end":{"line":19,"column":18}},"17":{"start":{"line":20,"column":4},"end":{"line":20,"column":27}},"18":{"start":{"line":20,"column":19},"end":{"line":20,"column":27}},"19":{"start":{"line":21,"column":4},"end":{"line":25,"column":5}},"20":{"start":{"line":22,"column":6},"end":{"line":22,"column":13}},"21":{"start":{"line":24,"column":6},"end":{"line":24,"column":15}},"22":{"start":{"line":27,"column":2},"end":{"line":27,"column":20}}},"fnMap":{"0":{"name":"(anonymous_0)","decl":{"start":{"line":1,"column":20},"end":{"line":1,"column":21}},"loc":{"start":{"line":1,"column":26},"end":{"line":1,"column":28}},"line":1},"1":{"name":"(anonymous_1)","decl":{"start":{"line":5,"column":22},"end":{"line":5,"column":23}},"loc":{"start":{"line":5,"column":36},"end":{"line":11,"column":1}},"line":5},"2":{"name":"(anonymous_2)","decl":{"start":{"line":13,"column":27},"end":{"line":13,"column":28}},"loc":{"start":{"line":13,"column":47},"end":{"line":28,"column":1}},"line":13}},"branchMap":{"0":{"loc":{"start":{"line":6,"column":2},"end":{"line":6,"column":45}},"type":"if","locations":[{"start":{"line":6,"column":2},"end":{"line":6,"column":45}},{"start":{"line":6,"column":2},"end":{"line":6,"column":45}}],"line":6},"1":{"loc":{"start":{"line":6,"column":6},"end":{"line":6,"column":37}},"type":"binary-expr","locations":[{"start":{"line":6,"column":6},"end":{"line":6,"column":17}},{"start":{"line":6,"column":21},"end":{"line":6,"column":37}}],"line":6},"2":{"loc":{"start":{"line":8,"column":2},"end":{"line":10,"column":3}},"type":"if","locations":[{"start":{"line":8,"column":2},"end":{"line":10,"column":3}},{"start":{"line":8,"column":2},"end":{"line":10,"column":3}}],"line":8},"3":{"loc":{"start":{"line":14,"column":2},"end":{"line":14,"column":34}},"type":"if","locations":[{"start":{"line":14,"column":2},"end":{"line":14,"column":34}},{"start":{"line":14,"column":2},"end":{"line":14,"column":34}}],"line":14},"4":{"loc":{"start":{"line":15,"column":2},"end":{"line":15,"column":51}},"type":"if","locations":[{"start":{"line":15,"column":2},"end":{"line":15,"column":51}},{"start":{"line":15,"column":2},"end":{"line":15,"column":51}}],"line":15},"5":{"loc":{"start":{"line":20,"column":4},"end":{"line":20,"column":27}},"type":"if","locations":[{"start":{"line":20,"column":4},"end":{"line":20,"column":27}},{"start":{"line":20,"column":4},"end":{"line":20,"column":27}}],"line":20},"6":{"loc":{"start":{"line":21,"column":4},"end":{"line":25,"column":5}},"type":"if","locations":[{"start":{"line":21,"column":4},"end":{"line":25,"column":5}},{"start":{"line":21,"column":4},"end":{"line":25,"column":5}}],"line":21}},"s":{"0":1,"1":1,"2":1,"3":8,"4":2,"5":6,"6":6,"7":6,"8":1,"9":5,"10":5,"11":0,"12":0,"13":0,"14":0,"15":0,"16":0,"17":0,"18":0,"19":0,"20":0,"21":0,"22":0},"f":{"0":0,"1":8,"2":5},"b":{"0":[2,6],"1":[8,8],"2":[6,0],"3":[5,0],"4":[0,0],"5":[0,0],"6":[0,0]},"_coverageSchema":"332fd63041d2c1bcb487cc26dd0d5f7d97098a6c","hash":"f3fb11f1cffee86c49eb43563780db970f74e7e6"}
}
