TN:
SF:/Users/wanglei/platform/workspace/page-stack/src/base-page.js
FN:1,createBasePageOptions
FNF:1
FNH:1
FNDA:6,createBasePageOptions
DA:2,6
DA:4,7
DA:7,7
DA:10,7
DA:13,7
LF:5
LH:5
BRF:0
BRH:0
end_of_record
TN:
SF:/Users/wanglei/platform/workspace/page-stack/src/decode.js
FN:2,hasOwnProperty
FN:6,decode
FNF:2
FNH:2
FNDA:4,hasOwnProperty
FNDA:5,decode
DA:3,4
DA:7,5
DA:8,5
DA:9,5
DA:11,5
DA:12,3
DA:15,2
DA:16,2
DA:18,2
DA:19,2
DA:20,0
DA:23,2
DA:25,2
DA:26,0
DA:29,2
DA:30,4
DA:31,4
DA:34,4
DA:35,4
DA:36,4
DA:38,0
DA:39,0
DA:42,4
DA:43,4
DA:45,4
DA:46,4
DA:47,0
DA:48,0
DA:50,0
DA:54,2
LF:30
LH:23
BRDA:7,0,0,5
BRDA:7,0,1,5
BRDA:8,1,0,5
BRDA:8,1,1,5
BRDA:11,2,0,3
BRDA:11,2,1,2
BRDA:11,3,0,5
BRDA:11,3,1,2
BRDA:19,4,0,0
BRDA:19,4,1,2
BRDA:19,5,0,2
BRDA:19,5,1,0
BRDA:25,6,0,0
BRDA:25,6,1,2
BRDA:25,7,0,2
BRDA:25,7,1,2
BRDA:34,8,0,4
BRDA:34,8,1,0
BRDA:45,9,0,4
BRDA:45,9,1,0
BRDA:47,10,0,0
BRDA:47,10,1,0
BRF:22
BRH:15
end_of_record
TN:
SF:/Users/wanglei/platform/workspace/page-stack/src/index.js
FN:14,(anonymous_0)
FN:31,(anonymous_1)
FN:36,(anonymous_2)
FNF:3
FNH:2
FNDA:0,(anonymous_0)
FNDA:1,(anonymous_1)
FNDA:48,(anonymous_2)
DA:3,1
DA:14,1
DA:32,1
DA:33,1
DA:34,1
DA:35,6
DA:36,6
DA:37,48
DA:38,18
DA:42,1
LF:10
LH:10
BRDA:37,0,0,18
BRDA:37,0,1,30
BRF:2
BRH:2
end_of_record
TN:
SF:/Users/wanglei/platform/workspace/page-stack/src/page-stack.js
FN:4,(anonymous_0)
FN:10,(anonymous_1)
FN:16,(anonymous_2)
FN:17,(anonymous_3)
FN:24,destroyPageComponent
FN:67,(anonymous_5)
FNF:6
FNH:6
FNDA:1,(anonymous_0)
FNDA:6,(anonymous_1)
FNDA:1,(anonymous_2)
FNDA:6,(anonymous_3)
FNDA:7,destroyPageComponent
FNDA:1,(anonymous_5)
DA:4,1
DA:8,1
DA:9,1
DA:10,1
DA:11,6
DA:12,6
DA:16,1
DA:17,1
DA:18,6
DA:19,6
DA:20,6
DA:25,7
DA:26,7
DA:27,7
DA:29,7
DA:30,7
DA:33,1
DA:39,1
DA:40,0
DA:42,1
DA:43,1
DA:44,1
DA:48,1
DA:49,1
DA:50,1
DA:56,1
DA:60,1
DA:65,7
DA:66,7
DA:67,1
DA:68,1
DA:74,3
DA:75,3
DA:76,3
DA:81,2
DA:82,2
DA:83,2
DA:87,1
DA:88,1
DA:89,1
DA:93,1
DA:94,1
DA:95,1
DA:96,1
DA:97,1
DA:98,1
DA:99,1
DA:100,1
DA:101,1
DA:103,0
DA:107,1
DA:108,1
DA:109,1
DA:110,1
DA:112,1
DA:113,1
DA:117,2
DA:118,2
DA:119,2
DA:120,1
DA:121,1
DA:122,1
DA:129,1
DA:130,1
DA:131,1
DA:132,1
DA:133,2
DA:134,2
DA:136,1
DA:144,2
DA:148,1
DA:149,1
DA:150,1
DA:151,1
DA:152,1
DA:157,8
DA:158,8
DA:159,8
DA:160,8
DA:161,8
DA:162,7
DA:164,1
DA:166,8
DA:167,8
DA:168,8
LF:85
LH:83
BRDA:26,0,0,7
BRDA:26,0,1,0
BRDA:39,1,0,0
BRDA:39,1,1,1
BRDA:66,2,0,1
BRDA:66,2,1,6
BRDA:100,3,0,1
BRDA:100,3,1,0
BRDA:109,4,0,1
BRDA:109,4,1,0
BRDA:117,5,0,2
BRDA:117,5,1,1
BRDA:119,6,0,1
BRDA:119,6,1,1
BRDA:161,7,0,7
BRDA:161,7,1,1
BRF:16
BRH:12
end_of_record
TN:
SF:/Users/wanglei/platform/workspace/page-stack/src/page-transition.js
FN:6,render
FNF:1
FNH:0
FNDA:0,render
DA:1,0
LF:1
LH:0
BRF:0
BRH:0
end_of_record
TN:
SF:/Users/wanglei/platform/workspace/page-stack/src/route.js
FN:12,initRoute
FN:14,(anonymous_1)
FN:19,(anonymous_2)
FN:24,(anonymous_3)
FN:29,(anonymous_4)
FN:34,(anonymous_5)
FN:38,routeHandler
FNF:7
FNH:7
FNDA:1,initRoute
FNDA:2,(anonymous_1)
FNDA:1,(anonymous_2)
FNDA:1,(anonymous_3)
FNDA:2,(anonymous_4)
FNDA:1,(anonymous_5)
FNDA:5,routeHandler
DA:14,1
DA:15,2
DA:19,1
DA:20,1
DA:24,1
DA:25,1
DA:29,1
DA:30,2
DA:34,1
DA:35,1
DA:39,5
DA:40,5
DA:41,0
DA:42,0
DA:44,5
DA:45,5
DA:46,5
DA:47,5
DA:48,0
DA:49,0
DA:51,5
DA:52,5
DA:53,0
DA:54,0
DA:56,5
DA:57,5
DA:68,1
DA:69,1
DA:70,1
DA:71,1
DA:72,1
DA:73,1
LF:32
LH:26
BRDA:30,0,0,2
BRDA:30,0,1,1
BRDA:39,1,0,5
BRDA:39,2,0,5
BRDA:39,3,0,5
BRDA:40,4,0,0
BRDA:40,4,1,5
BRDA:47,5,0,0
BRDA:47,5,1,5
BRDA:52,6,0,0
BRDA:52,6,1,5
BRDA:68,7,0,1
BRDA:68,7,1,0
BRDA:68,8,0,1
BRDA:68,8,1,1
BRF:15
BRH:11
end_of_record
TN:
SF:/Users/wanglei/platform/workspace/page-stack/src/utils.js
FN:1,(anonymous_0)
FN:5,(anonymous_1)
FNF:2
FNH:1
FNDA:0,(anonymous_0)
FNDA:8,(anonymous_1)
DA:1,1
DA:3,1
DA:5,1
DA:6,8
DA:7,6
DA:8,6
DA:9,6
LF:7
LH:7
BRDA:6,0,0,2
BRDA:6,0,1,6
BRDA:6,1,0,8
BRDA:6,1,1,8
BRDA:8,2,0,6
BRDA:8,2,1,0
BRF:6
BRH:5
end_of_record
