TN:
SF:/Users/wanglei/platform/workspace/page-stack/src/decode.js
FN:2,hasOwnProperty
FN:6,decode
FNF:2
FNH:2
FNDA:4,hasOwnProperty
FNDA:5,decode
DA:3,4
DA:7,5
DA:8,5
DA:9,5
DA:11,5
DA:12,3
DA:15,2
DA:16,2
DA:18,2
DA:19,2
DA:20,0
DA:23,2
DA:25,2
DA:26,0
DA:29,2
DA:30,4
DA:31,4
DA:34,4
DA:35,4
DA:36,4
DA:38,0
DA:39,0
DA:42,4
DA:43,4
DA:45,4
DA:46,4
DA:47,0
DA:48,0
DA:50,0
DA:54,2
LF:30
LH:23
BRDA:7,0,0,5
BRDA:7,0,1,5
BRDA:8,1,0,5
BRDA:8,1,1,5
BRDA:11,2,0,3
BRDA:11,2,1,2
BRDA:11,3,0,5
BRDA:11,3,1,2
BRDA:19,4,0,0
BRDA:19,4,1,2
BRDA:19,5,0,2
BRDA:19,5,1,0
BRDA:25,6,0,0
BRDA:25,6,1,2
BRDA:25,7,0,2
BRDA:25,7,1,2
BRDA:34,8,0,4
BRDA:34,8,1,0
BRDA:45,9,0,4
BRDA:45,9,1,0
BRDA:47,10,0,0
BRDA:47,10,1,0
BRF:22
BRH:15
end_of_record
TN:
SF:/Users/wanglei/platform/workspace/page-stack/src/index.js
FN:12,(anonymous_0)
FNF:1
FNH:1
FNDA:1,(anonymous_0)
DA:13,1
DA:14,1
LF:2
LH:2
BRF:0
BRH:0
end_of_record
TN:
SF:/Users/wanglei/platform/workspace/page-stack/src/page-hooks.js
FN:2,addPageHook
FN:3,(anonymous_1)
FNF:2
FNH:2
FNDA:6,addPageHook
FNDA:28,(anonymous_1)
DA:1,1
DA:3,6
DA:4,28
DA:5,28
DA:6,28
DA:9,6
DA:11,7
DA:14,7
DA:17,7
DA:20,7
LF:10
LH:10
BRDA:5,0,0,28
BRDA:5,0,1,0
BRDA:5,1,0,28
BRDA:5,1,1,28
BRF:4
BRH:3
end_of_record
TN:
SF:/Users/wanglei/platform/workspace/page-stack/src/page-stack.js
FN:5,(anonymous_0)
FN:15,(anonymous_1)
FN:21,(anonymous_2)
FN:22,(anonymous_3)
FN:29,destroyPageComponent
FN:74,(anonymous_5)
FNF:6
FNH:6
FNDA:1,(anonymous_0)
FNDA:6,(anonymous_1)
FNDA:1,(anonymous_2)
FNDA:6,(anonymous_3)
FNDA:7,destroyPageComponent
FNDA:1,(anonymous_5)
DA:4,1
DA:5,1
DA:9,1
DA:13,1
DA:14,1
DA:15,1
DA:16,6
DA:17,6
DA:21,1
DA:22,1
DA:23,6
DA:24,6
DA:25,6
DA:30,7
DA:31,7
DA:32,7
DA:34,7
DA:35,7
DA:38,1
DA:44,1
DA:45,0
DA:47,1
DA:48,1
DA:49,1
DA:53,1
DA:54,1
DA:55,1
DA:61,1
DA:63,1
DA:67,1
DA:72,7
DA:73,7
DA:74,1
DA:75,1
DA:81,3
DA:82,3
DA:83,3
DA:88,4
DA:89,4
DA:90,4
DA:95,2
DA:96,2
DA:97,2
DA:98,2
DA:102,1
DA:103,1
DA:104,1
DA:105,1
DA:109,1
DA:110,1
DA:111,1
DA:112,1
DA:113,1
DA:114,1
DA:115,1
DA:116,1
DA:117,1
DA:119,0
DA:123,1
DA:124,1
DA:125,1
DA:126,1
DA:128,1
DA:129,1
DA:133,2
DA:134,2
DA:135,2
DA:136,1
DA:137,1
DA:138,1
DA:145,1
DA:146,1
DA:147,1
DA:148,1
DA:149,2
DA:150,2
DA:152,1
DA:160,2
DA:161,2
DA:165,1
DA:166,1
DA:167,1
DA:168,1
DA:169,1
DA:170,1
DA:175,8
DA:176,8
DA:177,8
DA:178,8
DA:179,8
DA:180,7
DA:181,7
DA:182,7
DA:184,1
DA:186,8
DA:187,8
DA:188,8
DA:189,8
LF:98
LH:96
BRDA:31,0,0,7
BRDA:31,0,1,0
BRDA:44,1,0,0
BRDA:44,1,1,1
BRDA:73,2,0,1
BRDA:73,2,1,6
BRDA:87,3,0,3
BRDA:89,4,0,4
BRDA:89,4,1,0
BRDA:89,5,0,4
BRDA:89,5,1,4
BRDA:116,6,0,1
BRDA:116,6,1,0
BRDA:125,7,0,1
BRDA:125,7,1,0
BRDA:133,8,0,2
BRDA:133,8,1,1
BRDA:135,9,0,1
BRDA:135,9,1,1
BRDA:179,10,0,7
BRDA:179,10,1,1
BRDA:186,11,0,2
BRDA:186,11,1,6
BRF:23
BRH:18
end_of_record
TN:
SF:/Users/wanglei/platform/workspace/page-stack/src/route.js
FN:12,initRoute
FN:14,(anonymous_1)
FN:19,(anonymous_2)
FN:24,(anonymous_3)
FN:29,(anonymous_4)
FN:34,(anonymous_5)
FN:38,routeHandler
FNF:7
FNH:7
FNDA:1,initRoute
FNDA:2,(anonymous_1)
FNDA:1,(anonymous_2)
FNDA:1,(anonymous_3)
FNDA:2,(anonymous_4)
FNDA:1,(anonymous_5)
FNDA:5,routeHandler
DA:14,1
DA:15,2
DA:19,1
DA:20,1
DA:24,1
DA:25,1
DA:29,1
DA:30,2
DA:34,1
DA:35,1
DA:39,5
DA:40,5
DA:41,0
DA:42,0
DA:44,5
DA:45,5
DA:46,5
DA:47,5
DA:48,0
DA:49,0
DA:51,5
DA:52,5
DA:53,0
DA:54,0
DA:56,5
DA:57,5
DA:68,1
DA:69,1
DA:70,1
DA:71,1
DA:72,1
DA:73,1
LF:32
LH:26
BRDA:30,0,0,2
BRDA:30,0,1,1
BRDA:39,1,0,5
BRDA:39,2,0,5
BRDA:39,3,0,5
BRDA:40,4,0,0
BRDA:40,4,1,5
BRDA:47,5,0,0
BRDA:47,5,1,5
BRDA:52,6,0,0
BRDA:52,6,1,5
BRDA:68,7,0,1
BRDA:68,7,1,0
BRDA:68,8,0,1
BRDA:68,8,1,1
BRF:15
BRH:11
end_of_record
TN:
SF:/Users/wanglei/platform/workspace/page-stack/src/utils.js
FN:1,(anonymous_0)
FN:5,(anonymous_1)
FNF:2
FNH:1
FNDA:0,(anonymous_0)
FNDA:8,(anonymous_1)
DA:1,1
DA:3,1
DA:5,1
DA:6,8
DA:7,6
DA:8,6
DA:9,6
LF:7
LH:7
BRDA:6,0,0,2
BRDA:6,0,1,6
BRDA:6,1,0,8
BRDA:6,1,1,8
BRDA:8,2,0,6
BRDA:8,2,1,0
BRF:6
BRH:5
end_of_record
